#
# There is insufficient memory for the Java Runtime Environment to continue.
# Native memory allocation (malloc) failed to allocate 1048576 bytes. Error detail: AllocateHeap
# Possible reasons:
#   The system is out of physical RAM or swap space
#   This process is running with CompressedOops enabled, and the Java Heap may be blocking the growth of the native heap
# Possible solutions:
#   Reduce memory load on the system
#   Increase physical memory or swap space
#   Check if swap backing store is full
#   Decrease Java heap size (-Xmx/-Xms)
#   Decrease number of Java threads
#   Decrease Java thread stack sizes (-Xss)
#   Set larger code cache with -XX:ReservedCodeCacheSize=
#   JVM is running with Unscaled Compressed Oops mode in which the Java heap is
#     placed in the first 4GB address space. The Java Heap base address is the
#     maximum limit for the native heap growth. Please use -XX:HeapBaseMinAddress
#     to set the Java Heap base and to place the Java Heap above 4GB virtual address.
# This output file may be truncated or incomplete.
#
#  Out of Memory Error (allocation.cpp:44), pid=20648, tid=18024
#
# JRE version: OpenJDK Runtime Environment Temurin-17.0.11+9 (17.0.11+9) (build 17.0.11+9)
# Java VM: OpenJDK 64-Bit Server VM Temurin-17.0.11+9 (17.0.11+9, mixed mode, emulated-client, tiered, compressed oops, compressed class ptrs, g1 gc, windows-amd64)
# No core dump will be written. Minidumps are not enabled by default on client versions of Windows
#

---------------  S U M M A R Y ------------

Command Line: -Xmx1024m -Dsts.lsp.client=vscode -Dsts.log.file=/dev/null -XX:TieredStopAtLevel=1 -Xlog:jni+resolve=off -Dspring.config.location=file:c:\Users\chunjae\.vscode\extensions\vmware.vscode-spring-boot-1.56.0\language-server\BOOT-INF\classes\application.properties org.springframework.ide.vscode.boot.app.BootLanguageServerBootApp

Host: 11th Gen Intel(R) Core(TM) i3-1115G4 @ 3.00GHz, 4 cores, 7G,  Windows 10 , 64 bit Build 19041 (10.0.19041.4597)
Time: Tue Aug  6 16:55:20 2024  Windows 10 , 64 bit Build 19041 (10.0.19041.4597) elapsed time: 618569.956723 seconds (7d 3h 49m 29s)

---------------  T H R E A D  ---------------

Current thread (0x0000024d5788c5a0):  VMThread "VM Thread" [stack: 0x000000ab47400000,0x000000ab47500000] [id=18024]

Stack: [0x000000ab47400000,0x000000ab47500000]
Native frames: (J=compiled Java code, j=interpreted, Vv=VM code, C=native code)
V  [jvm.dll+0x67d429]
V  [jvm.dll+0x834b7a]
V  [jvm.dll+0x83663e]
V  [jvm.dll+0x836ca3]
V  [jvm.dll+0x247dbf]
V  [jvm.dll+0xa6cb3]
V  [jvm.dll+0x2f8ad3]
V  [jvm.dll+0x2f4750]
V  [jvm.dll+0x2dcf67]
V  [jvm.dll+0x31fb67]
V  [jvm.dll+0x83b19b]
V  [jvm.dll+0x83bed2]
V  [jvm.dll+0x83c3ed]
V  [jvm.dll+0x83c7c4]
V  [jvm.dll+0x83c890]
V  [jvm.dll+0x7e410a]
V  [jvm.dll+0x67c315]
C  [ucrtbase.dll+0x21bb2]
C  [KERNEL32.DLL+0x17374]
C  [ntdll.dll+0x4cc91]

VM_Operation (0x000000ab486feee0): G1CollectFull, mode: safepoint, requested by thread 0x0000024d5c8cf040


---------------  P R O C E S S  ---------------

Threads class SMR info:
_java_thread_list=0x0000024d5e10f7a0, length=23, elements={
0x0000024d555287d0, 0x0000024d578a0400, 0x0000024d578d2530, 0x0000024d578d2e00,
0x0000024d578d36d0, 0x0000024d578d3fa0, 0x0000024d578ada60, 0x0000024d578afae0,
0x0000024d57ae5ae0, 0x0000024d57aff020, 0x0000024d5cf016a0, 0x0000024d5c8cf040,
0x0000024d579a7410, 0x0000024d4d322770, 0x0000024d5d581540, 0x0000024d5cfbca60,
0x0000024d5d5d8a80, 0x0000024d5d5d8f90, 0x0000024d5d5dadf0, 0x0000024d5d5d99b0,
0x0000024d5d5db300, 0x0000024d5d5db810, 0x0000024d5d6634e0
}

Java Threads: ( => current thread )
  0x0000024d555287d0 JavaThread "Reference Handler" daemon [_thread_blocked, id=7608, stack(0x000000ab47500000,0x000000ab47600000)]
  0x0000024d578a0400 JavaThread "Finalizer" daemon [_thread_blocked, id=25752, stack(0x000000ab47600000,0x000000ab47700000)]
  0x0000024d578d2530 JavaThread "Signal Dispatcher" daemon [_thread_blocked, id=26208, stack(0x000000ab47700000,0x000000ab47800000)]
  0x0000024d578d2e00 JavaThread "Attach Listener" daemon [_thread_blocked, id=26120, stack(0x000000ab47800000,0x000000ab47900000)]
  0x0000024d578d36d0 JavaThread "Service Thread" daemon [_thread_blocked, id=7124, stack(0x000000ab47900000,0x000000ab47a00000)]
  0x0000024d578d3fa0 JavaThread "Monitor Deflation Thread" daemon [_thread_blocked, id=26200, stack(0x000000ab47a00000,0x000000ab47b00000)]
  0x0000024d578ada60 JavaThread "C1 CompilerThread0" daemon [_thread_blocked, id=8908, stack(0x000000ab47b00000,0x000000ab47c00000)]
  0x0000024d578afae0 JavaThread "Sweeper thread" daemon [_thread_blocked, id=13108, stack(0x000000ab47c00000,0x000000ab47d00000)]
  0x0000024d57ae5ae0 JavaThread "Notification Thread" daemon [_thread_blocked, id=14308, stack(0x000000ab47e00000,0x000000ab47f00000)]
  0x0000024d57aff020 JavaThread "Common-Cleaner" daemon [_thread_blocked, id=3720, stack(0x000000ab48000000,0x000000ab48100000)]
  0x0000024d5cf016a0 JavaThread "boundedElastic-evictor-1" daemon [_thread_blocked, id=21032, stack(0x000000ab48400000,0x000000ab48500000)]
  0x0000024d5c8cf040 JavaThread "pool-13-thread-1" [_thread_blocked, id=8432, stack(0x000000ab48600000,0x000000ab48700000)]
  0x0000024d579a7410 JavaThread "LanguageServerApp-lifecycle" [_thread_blocked, id=12016, stack(0x000000ab48700000,0x000000ab48800000)]
  0x0000024d4d322770 JavaThread "DestroyJavaVM" [_thread_blocked, id=24704, stack(0x000000ab46e00000,0x000000ab46f00000)]
  0x0000024d5d581540 JavaThread "pool-14-thread-1" [_thread_in_native, id=20472, stack(0x000000ab48800000,0x000000ab48900000)]
  0x0000024d5cfbca60 JavaThread "Simple-Language-Server main thread" daemon [_thread_blocked, id=25076, stack(0x000000ab48900000,0x000000ab48a00000)]
  0x0000024d5d5d8a80 JavaThread "pool-8-thread-1" [_thread_blocked, id=5668, stack(0x000000ab48c00000,0x000000ab48d00000)]
  0x0000024d5d5d8f90 JavaThread "parallel-1" daemon [_thread_blocked, id=26124, stack(0x000000ab48d00000,0x000000ab48e00000)]
  0x0000024d5d5dadf0 JavaThread "parallel-2" daemon [_thread_blocked, id=21416, stack(0x000000ab49200000,0x000000ab49300000)]
  0x0000024d5d5d99b0 JavaThread "Reconciler-1" daemon [_thread_blocked, id=21512, stack(0x000000ab49300000,0x000000ab49400000)]
  0x0000024d5d5db300 JavaThread "pool-6-thread-1" [_thread_blocked, id=23652, stack(0x000000ab49400000,0x000000ab49500000)]
  0x0000024d5d5db810 JavaThread "parallel-3" daemon [_thread_blocked, id=25544, stack(0x000000ab49500000,0x000000ab49600000)]
  0x0000024d5d6634e0 JavaThread "parallel-4" daemon [_thread_blocked, id=25056, stack(0x000000ab49700000,0x000000ab49800000)]

Other Threads:
=>0x0000024d5788c5a0 VMThread "VM Thread" [stack: 0x000000ab47400000,0x000000ab47500000] [id=18024]
  0x0000024d57ae5fc0 WatcherThread [stack: 0x000000ab47f00000,0x000000ab48000000] [id=24340]
  0x0000024d55343540 GCTaskThread "GC Thread#0" [stack: 0x000000ab46f00000,0x000000ab47000000] [id=22656]
  0x0000024d57bf6ea0 GCTaskThread "GC Thread#1" [stack: 0x000000ab48100000,0x000000ab48200000] [id=18788]
  0x0000024d57bf79a0 GCTaskThread "GC Thread#2" [stack: 0x000000ab48200000,0x000000ab48300000] [id=25408]
  0x0000024d57bf7f20 GCTaskThread "GC Thread#3" [stack: 0x000000ab48300000,0x000000ab48400000] [id=26664]
  0x0000024d5534c3a0 ConcurrentGCThread "G1 Main Marker" [stack: 0x000000ab47000000,0x000000ab47100000] [id=16788]
  0x0000024d55350cf0 ConcurrentGCThread "G1 Conc#0" [stack: 0x000000ab47100000,0x000000ab47200000] [id=17056]
  0x0000024d553c0c80 ConcurrentGCThread "G1 Refine#0" [stack: 0x000000ab47200000,0x000000ab47300000] [id=2816]
  0x0000024d553c15c0 ConcurrentGCThread "G1 Service" [stack: 0x000000ab47300000,0x000000ab47400000] [id=24572]

Threads with active compile tasks:

VM state: at safepoint (normal execution)

VM Mutex/Monitor currently owned by a thread:  ([mutex/lock_event])
[0x0000024d4abe8c10] Threads_lock - owner thread: 0x0000024d5788c5a0
[0x0000024d4abc3ec0] Heap_lock - owner thread: 0x0000024d5c8cf040

Heap address: 0x00000000c0000000, size: 1024 MB, Compressed Oops mode: 32-bit

CDS archive(s) not mapped
Compressed class space mapped at: 0x0000000100000000-0x0000000140000000, reserved size: 1073741824
Narrow klass base: 0x0000000000000000, Narrow klass shift: 3, Narrow klass range: 0x140000000

GC Precious Log:
 CPUs: 4 total, 4 available
 Memory: 7948M
 Large Page Support: Disabled
 NUMA Support: Disabled
 Compressed Oops: Enabled (32-bit)
 Heap Region Size: 1M
 Heap Min Capacity: 8M
 Heap Initial Capacity: 126M
 Heap Max Capacity: 1G
 Pre-touch: Disabled
 Parallel Workers: 4
 Concurrent Workers: 1
 Concurrent Refinement Workers: 4
 Periodic GC: Disabled

Heap:
 garbage-first heap   total 140288K, used 41357K [0x00000000c0000000, 0x0000000100000000)
  region size 1024K, 1 young (1024K), 0 survivors (0K)
 Metaspace       used 60260K, committed 60736K, reserved 1114112K
  class space    used 7377K, committed 7616K, reserved 1048576K

Heap Regions: E=young(eden), S=young(survivor), O=old, HS=humongous(starts), HC=humongous(continues), CS=collection set, F=free, OA=open archive, CA=closed archive, TAMS=top-at-mark-start (previous, next)
|   0|0x00000000c0000000, 0x00000000c0100000, 0x00000000c0100000|100%|HS|  |TAMS 0x00000000c0100000, 0x00000000c0000000| Untracked 
|   1|0x00000000c0100000, 0x00000000c0200000, 0x00000000c0200000|100%|HC|  |TAMS 0x00000000c0200000, 0x00000000c0100000| Untracked 
|   2|0x00000000c0200000, 0x00000000c0300000, 0x00000000c0300000|100%|HC|  |TAMS 0x00000000c0300000, 0x00000000c0200000| Untracked 
|   3|0x00000000c0300000, 0x00000000c0400000, 0x00000000c0400000|100%|HC|  |TAMS 0x00000000c0400000, 0x00000000c0300000| Untracked 
|   4|0x00000000c0400000, 0x00000000c0500000, 0x00000000c0500000|100%| O|  |TAMS 0x00000000c0500000, 0x00000000c0400000| Untracked 
|   5|0x00000000c0500000, 0x00000000c0600000, 0x00000000c0600000|100%| O|  |TAMS 0x00000000c0600000, 0x00000000c0500000| Untracked 
|   6|0x00000000c0600000, 0x00000000c06f9940, 0x00000000c0700000| 97%| O|  |TAMS 0x00000000c06f9940, 0x00000000c0600000| Untracked 
|   7|0x00000000c0700000, 0x00000000c0800000, 0x00000000c0800000|100%| O|  |TAMS 0x00000000c0800000, 0x00000000c0700000| Untracked 
|   8|0x00000000c0800000, 0x00000000c0900000, 0x00000000c0900000|100%| O|  |TAMS 0x00000000c0900000, 0x00000000c0800000| Untracked 
|   9|0x00000000c0900000, 0x00000000c0a00000, 0x00000000c0a00000|100%| O|  |TAMS 0x00000000c0a00000, 0x00000000c0900000| Untracked 
|  10|0x00000000c0a00000, 0x00000000c0b00000, 0x00000000c0b00000|100%|HS|  |TAMS 0x00000000c0b00000, 0x00000000c0a00000| Untracked 
|  11|0x00000000c0b00000, 0x00000000c0c00000, 0x00000000c0c00000|100%|HC|  |TAMS 0x00000000c0c00000, 0x00000000c0b00000| Untracked 
|  12|0x00000000c0c00000, 0x00000000c0d00000, 0x00000000c0d00000|100%| O|  |TAMS 0x00000000c0d00000, 0x00000000c0c00000| Untracked 
|  13|0x00000000c0d00000, 0x00000000c0dffff8, 0x00000000c0e00000| 99%| O|  |TAMS 0x00000000c0dffff8, 0x00000000c0d00000| Untracked 
|  14|0x00000000c0e00000, 0x00000000c0f00000, 0x00000000c0f00000|100%| O|  |TAMS 0x00000000c0f00000, 0x00000000c0e00000| Untracked 
|  15|0x00000000c0f00000, 0x00000000c0ffffe0, 0x00000000c1000000| 99%| O|  |TAMS 0x00000000c0ffffe0, 0x00000000c0f00000| Untracked 
|  16|0x00000000c1000000, 0x00000000c10fffd0, 0x00000000c1100000| 99%| O|  |TAMS 0x00000000c10fffd0, 0x00000000c1000000| Untracked 
|  17|0x00000000c1100000, 0x00000000c11ffff0, 0x00000000c1200000| 99%| O|  |TAMS 0x00000000c11ffff0, 0x00000000c1100000| Untracked 
|  18|0x00000000c1200000, 0x00000000c12fffd0, 0x00000000c1300000| 99%| O|  |TAMS 0x00000000c12fffd0, 0x00000000c1200000| Untracked 
|  19|0x00000000c1300000, 0x00000000c13fffd0, 0x00000000c1400000| 99%| O|  |TAMS 0x00000000c13fffd0, 0x00000000c1300000| Untracked 
|  20|0x00000000c1400000, 0x00000000c14fffb8, 0x00000000c1500000| 99%| O|  |TAMS 0x00000000c14fffb8, 0x00000000c1400000| Untracked 
|  21|0x00000000c1500000, 0x00000000c15fe758, 0x00000000c1600000| 99%| O|  |TAMS 0x00000000c15fe758, 0x00000000c1500000| Untracked 
|  22|0x00000000c1600000, 0x00000000c16ffff0, 0x00000000c1700000| 99%| O|  |TAMS 0x00000000c16ffff0, 0x00000000c1600000| Untracked 
|  23|0x00000000c1700000, 0x00000000c17ffff0, 0x00000000c1800000| 99%| O|  |TAMS 0x00000000c17ffff0, 0x00000000c1700000| Untracked 
|  24|0x00000000c1800000, 0x00000000c18fffd8, 0x00000000c1900000| 99%| O|  |TAMS 0x00000000c18fffd8, 0x00000000c1800000| Untracked 
|  25|0x00000000c1900000, 0x00000000c19fffe8, 0x00000000c1a00000| 99%| O|  |TAMS 0x00000000c19fffe8, 0x00000000c1900000| Untracked 
|  26|0x00000000c1a00000, 0x00000000c1afffe8, 0x00000000c1b00000| 99%| O|  |TAMS 0x00000000c1afffe8, 0x00000000c1a00000| Untracked 
|  27|0x00000000c1b00000, 0x00000000c1bffff8, 0x00000000c1c00000| 99%| O|  |TAMS 0x00000000c1bffff8, 0x00000000c1b00000| Untracked 
|  28|0x00000000c1c00000, 0x00000000c1cffff8, 0x00000000c1d00000| 99%| O|  |TAMS 0x00000000c1cffff8, 0x00000000c1c00000| Untracked 
|  29|0x00000000c1d00000, 0x00000000c1dffff8, 0x00000000c1e00000| 99%| O|  |TAMS 0x00000000c1dffff8, 0x00000000c1d00000| Untracked 
|  30|0x00000000c1e00000, 0x00000000c1f00000, 0x00000000c1f00000|100%| O|  |TAMS 0x00000000c1f00000, 0x00000000c1e00000| Untracked 
|  31|0x00000000c1f00000, 0x00000000c1fffff0, 0x00000000c2000000| 99%| O|  |TAMS 0x00000000c1fffff0, 0x00000000c1f00000| Untracked 
|  32|0x00000000c2000000, 0x00000000c20ffc40, 0x00000000c2100000| 99%| O|  |TAMS 0x00000000c20ffc40, 0x00000000c2000000| Untracked 
|  33|0x00000000c2100000, 0x00000000c216b950, 0x00000000c2200000| 42%| O|  |TAMS 0x00000000c2100000, 0x00000000c2100000| Untracked 
|  34|0x00000000c2200000, 0x00000000c2200068, 0x00000000c2300000|  0%| O|  |TAMS 0x00000000c2200000, 0x00000000c2200000| Untracked 
|  35|0x00000000c2300000, 0x00000000c2400000, 0x00000000c2400000|100%| O|  |TAMS 0x00000000c2400000, 0x00000000c2300000| Untracked 
|  36|0x00000000c2400000, 0x00000000c24fffd8, 0x00000000c2500000| 99%| O|  |TAMS 0x00000000c24fffd8, 0x00000000c2400000| Untracked 
|  37|0x00000000c2500000, 0x00000000c25ffff8, 0x00000000c2600000| 99%| O|  |TAMS 0x00000000c25ffff8, 0x00000000c2500000| Untracked 
|  38|0x00000000c2600000, 0x00000000c2600000, 0x00000000c2700000|  0%| F|  |TAMS 0x00000000c2600000, 0x00000000c2600000| Untracked 
|  39|0x00000000c2700000, 0x00000000c2700000, 0x00000000c2800000|  0%| F|  |TAMS 0x00000000c2700000, 0x00000000c2700000| Untracked 
|  40|0x00000000c2800000, 0x00000000c2800000, 0x00000000c2900000|  0%| F|  |TAMS 0x00000000c2800000, 0x00000000c2800000| Untracked 
|  41|0x00000000c2900000, 0x00000000c2900000, 0x00000000c2a00000|  0%| F|  |TAMS 0x00000000c2900000, 0x00000000c2900000| Untracked 
|  42|0x00000000c2a00000, 0x00000000c2affff8, 0x00000000c2b00000| 99%| O|  |TAMS 0x00000000c2affff8, 0x00000000c2a00000| Untracked 
|  43|0x00000000c2b00000, 0x00000000c2c00000, 0x00000000c2c00000|100%| O|  |TAMS 0x00000000c2c00000, 0x00000000c2b00000| Untracked 
|  44|0x00000000c2c00000, 0x00000000c2c00000, 0x00000000c2d00000|  0%| F|  |TAMS 0x00000000c2c00000, 0x00000000c2c00000| Untracked 
|  45|0x00000000c2d00000, 0x00000000c2d00000, 0x00000000c2e00000|  0%| F|  |TAMS 0x00000000c2d00000, 0x00000000c2d00000| Untracked 
|  46|0x00000000c2e00000, 0x00000000c2e00000, 0x00000000c2f00000|  0%| F|  |TAMS 0x00000000c2e00000, 0x00000000c2e00000| Untracked 
|  47|0x00000000c2f00000, 0x00000000c2f00000, 0x00000000c3000000|  0%| F|  |TAMS 0x00000000c2f00000, 0x00000000c2f00000| Untracked 
|  48|0x00000000c3000000, 0x00000000c3000000, 0x00000000c3100000|  0%| F|  |TAMS 0x00000000c3000000, 0x00000000c3000000| Untracked 
|  49|0x00000000c3100000, 0x00000000c3100000, 0x00000000c3200000|  0%| F|  |TAMS 0x00000000c3100000, 0x00000000c3100000| Untracked 
|  50|0x00000000c3200000, 0x00000000c3200000, 0x00000000c3300000|  0%| F|  |TAMS 0x00000000c3200000, 0x00000000c3200000| Untracked 
|  51|0x00000000c3300000, 0x00000000c3300000, 0x00000000c3400000|  0%| F|  |TAMS 0x00000000c3300000, 0x00000000c3300000| Untracked 
|  52|0x00000000c3400000, 0x00000000c3400000, 0x00000000c3500000|  0%| F|  |TAMS 0x00000000c3400000, 0x00000000c3400000| Untracked 
|  53|0x00000000c3500000, 0x00000000c3500000, 0x00000000c3600000|  0%| F|  |TAMS 0x00000000c3500000, 0x00000000c3500000| Untracked 
|  54|0x00000000c3600000, 0x00000000c3600000, 0x00000000c3700000|  0%| F|  |TAMS 0x00000000c3600000, 0x00000000c3600000| Untracked 
|  55|0x00000000c3700000, 0x00000000c3700000, 0x00000000c3800000|  0%| F|  |TAMS 0x00000000c3700000, 0x00000000c3700000| Untracked 
|  56|0x00000000c3800000, 0x00000000c3800000, 0x00000000c3900000|  0%| F|  |TAMS 0x00000000c3800000, 0x00000000c3800000| Untracked 
|  57|0x00000000c3900000, 0x00000000c3900000, 0x00000000c3a00000|  0%| F|  |TAMS 0x00000000c3900000, 0x00000000c3900000| Untracked 
|  58|0x00000000c3a00000, 0x00000000c3a00000, 0x00000000c3b00000|  0%| F|  |TAMS 0x00000000c3a00000, 0x00000000c3a00000| Untracked 
|  59|0x00000000c3b00000, 0x00000000c3b00000, 0x00000000c3c00000|  0%| F|  |TAMS 0x00000000c3b00000, 0x00000000c3b00000| Untracked 
|  60|0x00000000c3c00000, 0x00000000c3c00000, 0x00000000c3d00000|  0%| F|  |TAMS 0x00000000c3c00000, 0x00000000c3c00000| Untracked 
|  61|0x00000000c3d00000, 0x00000000c3d00000, 0x00000000c3e00000|  0%| F|  |TAMS 0x00000000c3d00000, 0x00000000c3d00000| Untracked 
|  62|0x00000000c3e00000, 0x00000000c3e00000, 0x00000000c3f00000|  0%| F|  |TAMS 0x00000000c3e00000, 0x00000000c3e00000| Untracked 
|  63|0x00000000c3f00000, 0x00000000c3f00000, 0x00000000c4000000|  0%| F|  |TAMS 0x00000000c3f00000, 0x00000000c3f00000| Untracked 
|  64|0x00000000c4000000, 0x00000000c4000000, 0x00000000c4100000|  0%| F|  |TAMS 0x00000000c4000000, 0x00000000c4000000| Untracked 
|  65|0x00000000c4100000, 0x00000000c4100000, 0x00000000c4200000|  0%| F|  |TAMS 0x00000000c4100000, 0x00000000c4100000| Untracked 
|  66|0x00000000c4200000, 0x00000000c4200000, 0x00000000c4300000|  0%| F|  |TAMS 0x00000000c4200000, 0x00000000c4200000| Untracked 
|  67|0x00000000c4300000, 0x00000000c4300000, 0x00000000c4400000|  0%| F|  |TAMS 0x00000000c4300000, 0x00000000c4300000| Untracked 
|  68|0x00000000c4400000, 0x00000000c4400000, 0x00000000c4500000|  0%| F|  |TAMS 0x00000000c4400000, 0x00000000c4400000| Untracked 
|  69|0x00000000c4500000, 0x00000000c4500000, 0x00000000c4600000|  0%| F|  |TAMS 0x00000000c4500000, 0x00000000c4500000| Untracked 
|  70|0x00000000c4600000, 0x00000000c4600000, 0x00000000c4700000|  0%| F|  |TAMS 0x00000000c4600000, 0x00000000c4600000| Untracked 
|  71|0x00000000c4700000, 0x00000000c4700000, 0x00000000c4800000|  0%| F|  |TAMS 0x00000000c4700000, 0x00000000c4700000| Untracked 
|  72|0x00000000c4800000, 0x00000000c4800000, 0x00000000c4900000|  0%| F|  |TAMS 0x00000000c4800000, 0x00000000c4800000| Untracked 
|  73|0x00000000c4900000, 0x00000000c4900000, 0x00000000c4a00000|  0%| F|  |TAMS 0x00000000c4900000, 0x00000000c4900000| Untracked 
|  74|0x00000000c4a00000, 0x00000000c4a00000, 0x00000000c4b00000|  0%| F|  |TAMS 0x00000000c4a00000, 0x00000000c4a00000| Untracked 
|  75|0x00000000c4b00000, 0x00000000c4b00000, 0x00000000c4c00000|  0%| F|  |TAMS 0x00000000c4b00000, 0x00000000c4b00000| Untracked 
|  76|0x00000000c4c00000, 0x00000000c4c00000, 0x00000000c4d00000|  0%| F|  |TAMS 0x00000000c4c00000, 0x00000000c4c00000| Untracked 
|  77|0x00000000c4d00000, 0x00000000c4d00000, 0x00000000c4e00000|  0%| F|  |TAMS 0x00000000c4d00000, 0x00000000c4d00000| Untracked 
|  78|0x00000000c4e00000, 0x00000000c4e00000, 0x00000000c4f00000|  0%| F|  |TAMS 0x00000000c4e00000, 0x00000000c4e00000| Untracked 
|  79|0x00000000c4f00000, 0x00000000c4f00000, 0x00000000c5000000|  0%| F|  |TAMS 0x00000000c4f00000, 0x00000000c4f00000| Untracked 
|  80|0x00000000c5000000, 0x00000000c5000000, 0x00000000c5100000|  0%| F|  |TAMS 0x00000000c5000000, 0x00000000c5000000| Untracked 
|  81|0x00000000c5100000, 0x00000000c5100000, 0x00000000c5200000|  0%| F|  |TAMS 0x00000000c5100000, 0x00000000c5100000| Untracked 
|  82|0x00000000c5200000, 0x00000000c5200000, 0x00000000c5300000|  0%| F|  |TAMS 0x00000000c5200000, 0x00000000c5200000| Untracked 
|  83|0x00000000c5300000, 0x00000000c5300000, 0x00000000c5400000|  0%| F|  |TAMS 0x00000000c5300000, 0x00000000c5300000| Untracked 
|  84|0x00000000c5400000, 0x00000000c5400000, 0x00000000c5500000|  0%| F|  |TAMS 0x00000000c5400000, 0x00000000c5400000| Untracked 
|  85|0x00000000c5500000, 0x00000000c5500000, 0x00000000c5600000|  0%| F|  |TAMS 0x00000000c5500000, 0x00000000c5500000| Untracked 
|  86|0x00000000c5600000, 0x00000000c5600000, 0x00000000c5700000|  0%| F|  |TAMS 0x00000000c5600000, 0x00000000c5600000| Untracked 
|  87|0x00000000c5700000, 0x00000000c5700000, 0x00000000c5800000|  0%| F|  |TAMS 0x00000000c5700000, 0x00000000c5700000| Untracked 
|  88|0x00000000c5800000, 0x00000000c5800000, 0x00000000c5900000|  0%| F|  |TAMS 0x00000000c5800000, 0x00000000c5800000| Untracked 
|  89|0x00000000c5900000, 0x00000000c5900000, 0x00000000c5a00000|  0%| F|  |TAMS 0x00000000c5900000, 0x00000000c5900000| Untracked 
|  90|0x00000000c5a00000, 0x00000000c5a00000, 0x00000000c5b00000|  0%| F|  |TAMS 0x00000000c5a00000, 0x00000000c5a00000| Untracked 
|  91|0x00000000c5b00000, 0x00000000c5b00000, 0x00000000c5c00000|  0%| F|  |TAMS 0x00000000c5b00000, 0x00000000c5b00000| Untracked 
|  92|0x00000000c5c00000, 0x00000000c5c00000, 0x00000000c5d00000|  0%| F|  |TAMS 0x00000000c5c00000, 0x00000000c5c00000| Untracked 
|  93|0x00000000c5d00000, 0x00000000c5d00000, 0x00000000c5e00000|  0%| F|  |TAMS 0x00000000c5d00000, 0x00000000c5d00000| Untracked 
|  94|0x00000000c5e00000, 0x00000000c5e00000, 0x00000000c5f00000|  0%| F|  |TAMS 0x00000000c5e00000, 0x00000000c5e00000| Untracked 
|  95|0x00000000c5f00000, 0x00000000c5f00000, 0x00000000c6000000|  0%| F|  |TAMS 0x00000000c5f00000, 0x00000000c5f00000| Untracked 
|  96|0x00000000c6000000, 0x00000000c6000000, 0x00000000c6100000|  0%| F|  |TAMS 0x00000000c6000000, 0x00000000c6000000| Untracked 
|  97|0x00000000c6100000, 0x00000000c6100000, 0x00000000c6200000|  0%| F|  |TAMS 0x00000000c6100000, 0x00000000c6100000| Untracked 
|  98|0x00000000c6200000, 0x00000000c6200000, 0x00000000c6300000|  0%| F|  |TAMS 0x00000000c6200000, 0x00000000c6200000| Untracked 
|  99|0x00000000c6300000, 0x00000000c6300000, 0x00000000c6400000|  0%| F|  |TAMS 0x00000000c6300000, 0x00000000c6300000| Untracked 
| 100|0x00000000c6400000, 0x00000000c6400000, 0x00000000c6500000|  0%| F|  |TAMS 0x00000000c6400000, 0x00000000c6400000| Untracked 
| 101|0x00000000c6500000, 0x00000000c6500000, 0x00000000c6600000|  0%| F|  |TAMS 0x00000000c6500000, 0x00000000c6500000| Untracked 
| 102|0x00000000c6600000, 0x00000000c6600000, 0x00000000c6700000|  0%| F|  |TAMS 0x00000000c6600000, 0x00000000c6600000| Untracked 
| 103|0x00000000c6700000, 0x00000000c6700000, 0x00000000c6800000|  0%| F|  |TAMS 0x00000000c6700000, 0x00000000c6700000| Untracked 
| 104|0x00000000c6800000, 0x00000000c6800000, 0x00000000c6900000|  0%| F|  |TAMS 0x00000000c6800000, 0x00000000c6800000| Untracked 
| 105|0x00000000c6900000, 0x00000000c6900000, 0x00000000c6a00000|  0%| F|  |TAMS 0x00000000c6900000, 0x00000000c6900000| Untracked 
| 106|0x00000000c6a00000, 0x00000000c6a00000, 0x00000000c6b00000|  0%| F|  |TAMS 0x00000000c6a00000, 0x00000000c6a00000| Untracked 
| 107|0x00000000c6b00000, 0x00000000c6b00000, 0x00000000c6c00000|  0%| F|  |TAMS 0x00000000c6b00000, 0x00000000c6b00000| Untracked 
| 108|0x00000000c6c00000, 0x00000000c6c00000, 0x00000000c6d00000|  0%| F|  |TAMS 0x00000000c6c00000, 0x00000000c6c00000| Untracked 
| 109|0x00000000c6d00000, 0x00000000c6d00000, 0x00000000c6e00000|  0%| F|  |TAMS 0x00000000c6d00000, 0x00000000c6d00000| Untracked 
| 110|0x00000000c6e00000, 0x00000000c6e00000, 0x00000000c6f00000|  0%| F|  |TAMS 0x00000000c6e00000, 0x00000000c6e00000| Untracked 
| 111|0x00000000c6f00000, 0x00000000c6f00000, 0x00000000c7000000|  0%| F|  |TAMS 0x00000000c6f00000, 0x00000000c6f00000| Untracked 
| 112|0x00000000c7000000, 0x00000000c7000000, 0x00000000c7100000|  0%| F|  |TAMS 0x00000000c7000000, 0x00000000c7000000| Untracked 
| 113|0x00000000c7100000, 0x00000000c7100000, 0x00000000c7200000|  0%| F|  |TAMS 0x00000000c7100000, 0x00000000c7100000| Untracked 
| 114|0x00000000c7200000, 0x00000000c7200000, 0x00000000c7300000|  0%| F|  |TAMS 0x00000000c7200000, 0x00000000c7200000| Untracked 
| 115|0x00000000c7300000, 0x00000000c7300000, 0x00000000c7400000|  0%| F|  |TAMS 0x00000000c7300000, 0x00000000c7300000| Untracked 
| 116|0x00000000c7400000, 0x00000000c7400000, 0x00000000c7500000|  0%| F|  |TAMS 0x00000000c7400000, 0x00000000c7400000| Untracked 
| 117|0x00000000c7500000, 0x00000000c7500000, 0x00000000c7600000|  0%| F|  |TAMS 0x00000000c7500000, 0x00000000c7500000| Untracked 
| 118|0x00000000c7600000, 0x00000000c7600000, 0x00000000c7700000|  0%| F|  |TAMS 0x00000000c7600000, 0x00000000c7600000| Untracked 
| 119|0x00000000c7700000, 0x00000000c7700000, 0x00000000c7800000|  0%| F|  |TAMS 0x00000000c7700000, 0x00000000c7700000| Untracked 
| 120|0x00000000c7800000, 0x00000000c7800000, 0x00000000c7900000|  0%| F|  |TAMS 0x00000000c7800000, 0x00000000c7800000| Untracked 
| 121|0x00000000c7900000, 0x00000000c7900000, 0x00000000c7a00000|  0%| F|  |TAMS 0x00000000c7900000, 0x00000000c7900000| Untracked 
| 122|0x00000000c7a00000, 0x00000000c7a00000, 0x00000000c7b00000|  0%| F|  |TAMS 0x00000000c7a00000, 0x00000000c7a00000| Untracked 
| 123|0x00000000c7b00000, 0x00000000c7b00000, 0x00000000c7c00000|  0%| F|  |TAMS 0x00000000c7b00000, 0x00000000c7b00000| Untracked 
| 124|0x00000000c7c00000, 0x00000000c7c00000, 0x00000000c7d00000|  0%| F|  |TAMS 0x00000000c7c00000, 0x00000000c7c00000| Untracked 
| 125|0x00000000c7d00000, 0x00000000c7d00000, 0x00000000c7e00000|  0%| F|  |TAMS 0x00000000c7d00000, 0x00000000c7d00000| Untracked 
| 126|0x00000000c7e00000, 0x00000000c7e00000, 0x00000000c7f00000|  0%| F|  |TAMS 0x00000000c7e00000, 0x00000000c7e00000| Untracked 
| 127|0x00000000c7f00000, 0x00000000c7f00000, 0x00000000c8000000|  0%| F|  |TAMS 0x00000000c7f00000, 0x00000000c7f00000| Untracked 
| 128|0x00000000c8000000, 0x00000000c8000000, 0x00000000c8100000|  0%| F|  |TAMS 0x00000000c8000000, 0x00000000c8000000| Untracked 
| 129|0x00000000c8100000, 0x00000000c8100000, 0x00000000c8200000|  0%| F|  |TAMS 0x00000000c8100000, 0x00000000c8100000| Untracked 
| 130|0x00000000c8200000, 0x00000000c8200000, 0x00000000c8300000|  0%| F|  |TAMS 0x00000000c8200000, 0x00000000c8200000| Untracked 
| 131|0x00000000c8300000, 0x00000000c8300000, 0x00000000c8400000|  0%| F|  |TAMS 0x00000000c8300000, 0x00000000c8300000| Untracked 
| 132|0x00000000c8400000, 0x00000000c8400000, 0x00000000c8500000|  0%| F|  |TAMS 0x00000000c8400000, 0x00000000c8400000| Untracked 
| 133|0x00000000c8500000, 0x00000000c8500000, 0x00000000c8600000|  0%| F|  |TAMS 0x00000000c8500000, 0x00000000c8500000| Untracked 
| 134|0x00000000c8600000, 0x00000000c860dd60, 0x00000000c8700000|  5%| E|  |TAMS 0x00000000c8600000, 0x00000000c8600000| Complete 
| 184|0x00000000cb800000, 0x00000000cb900000, 0x00000000cb900000|100%| O|  |TAMS 0x00000000cb900000, 0x00000000cb800000| Untracked 
| 185|0x00000000cb900000, 0x00000000cba00000, 0x00000000cba00000|100%| O|  |TAMS 0x00000000cba00000, 0x00000000cb900000| Untracked 

Card table byte_map: [0x0000024d52f30000,0x0000024d53130000] _byte_map_base: 0x0000024d52930000

Marking Bits (Prev, Next): (CMBitMap*) 0x0000024d55343ab0, (CMBitMap*) 0x0000024d55343a70
 Prev Bits: [0x0000024d54330000, 0x0000024d55330000)
 Next Bits: [0x0000024d53330000, 0x0000024d54330000)

Polling page: 0x0000024d4add0000

Metaspace:

Usage:
  Non-class:     51.64 MB used.
      Class:      7.20 MB used.
       Both:     58.85 MB used.

Virtual space:
  Non-class space:       64.00 MB reserved,      51.88 MB ( 81%) committed,  1 nodes.
      Class space:        1.00 GB reserved,       7.44 MB ( <1%) committed,  1 nodes.
             Both:        1.06 GB reserved,      59.31 MB (  5%) committed. 

Chunk freelists:
   Non-Class:  12.09 MB
       Class:  8.63 MB
        Both:  20.73 MB

MaxMetaspaceSize: unlimited
CompressedClassSpaceSize: 1.00 GB
Initial GC threshold: 21.00 MB
Current GC threshold: 98.75 MB
CDS: off
MetaspaceReclaimPolicy: balanced
 - commit_granule_bytes: 65536.
 - commit_granule_words: 8192.
 - virtual_space_node_default_size: 8388608.
 - enlarge_chunks_in_place: 1.
 - new_chunks_are_fully_committed: 0.
 - uncommit_free_chunks: 1.
 - use_allocation_guard: 0.
 - handle_deallocations: 1.


Internal statistics:

num_allocs_failed_limit: 6.
num_arena_births: 762.
num_arena_deaths: 272.
num_vsnodes_births: 2.
num_vsnodes_deaths: 0.
num_space_committed: 948.
num_space_uncommitted: 0.
num_chunks_returned_to_freelist: 322.
num_chunks_taken_from_freelist: 2762.
num_chunk_merges: 95.
num_chunk_splits: 1818.
num_chunks_enlarged: 1376.
num_inconsistent_stats: 0.

CodeCache: size=49152Kb used=12439Kb max_used=13501Kb free=36712Kb
 bounds [0x0000024d4ff30000, 0x0000024d50c90000, 0x0000024d52f30000]
 total_blobs=7416 nmethods=6743 adapters=600
 compilation: enabled
              stopped_count=0, restarted_count=0
 full_count=0

Compilation events (20 events):
Event: 261195.390 Thread 0x0000024d578ada60 6734       1       java.util.stream.FindOps::makeRef (14 bytes)
Event: 261195.390 Thread 0x0000024d578ada60 nmethod 6734 0x0000024d50aa3190 code [0x0000024d50aa3320, 0x0000024d50aa33d8]
Event: 261195.390 Thread 0x0000024d578ada60 6735       1       java.util.stream.FindOps$FindSink$OfRef$$Lambda$138/0x000000010015f0e0::get (8 bytes)
Event: 261195.390 Thread 0x0000024d578ada60 nmethod 6735 0x0000024d50aa2e10 code [0x0000024d50aa2fa0, 0x0000024d50aa30b8]
Event: 261195.390 Thread 0x0000024d578ada60 6736       1       java.util.stream.FindOps$FindSink$OfRef::<init> (5 bytes)
Event: 261195.390 Thread 0x0000024d578ada60 nmethod 6736 0x0000024d50aa2b10 code [0x0000024d50aa2ca0, 0x0000024d50aa2d58]
Event: 261195.390 Thread 0x0000024d578ada60 6737       1       java.util.stream.FindOps$FindSink$OfRef::get (5 bytes)
Event: 261195.391 Thread 0x0000024d578ada60 nmethod 6737 0x0000024d50aa2610 code [0x0000024d50aa27c0, 0x0000024d50aa2a28]
Event: 261195.391 Thread 0x0000024d578ada60 6738       1       java.util.stream.FindOps$FindSink$OfRef::get (19 bytes)
Event: 261195.391 Thread 0x0000024d578ada60 nmethod 6738 0x0000024d50aa2110 code [0x0000024d50aa22c0, 0x0000024d50aa2508]
Event: 261195.907 Thread 0x0000024d578ada60 6739       1       org.eclipse.lsp4j.TextDocumentIdentifier::<init> (5 bytes)
Event: 261195.907 Thread 0x0000024d578ada60 nmethod 6739 0x0000024d50aa1e10 code [0x0000024d50aa1fa0, 0x0000024d50aa2058]
Event: 261195.909 Thread 0x0000024d578ada60 6740   !   1       org.springframework.ide.vscode.boot.jdt.ls.JdtLsProjectCache::find (291 bytes)
Event: 261195.910 Thread 0x0000024d578ada60 nmethod 6740 0x0000024d50aa0090 code [0x0000024d50aa0400, 0x0000024d50aa12f8]
Event: 305121.817 Thread 0x0000024d578ada60 6741 % !   1       java.util.concurrent.ThreadPoolExecutor::runWorker @ 21 (187 bytes)
Event: 305121.867 Thread 0x0000024d578ada60 nmethod 6741% 0x0000024d50a9ee10 code [0x0000024d50a9f060, 0x0000024d50a9f9c8]
Event: 310321.818 Thread 0x0000024d578ada60 6742   !   1       java.util.concurrent.ThreadPoolExecutor::runWorker (187 bytes)
Event: 310321.838 Thread 0x0000024d578ada60 nmethod 6742 0x0000024d50a9e090 code [0x0000024d50a9e2c0, 0x0000024d50a9e918]
Event: 609739.069 Thread 0x0000024d578ada60 6743 % !   1       jdk.internal.ref.CleanerImpl::run @ 20 (70 bytes)
Event: 609739.093 Thread 0x0000024d578ada60 nmethod 6743% 0x0000024d50a9d590 code [0x0000024d50a9d780, 0x0000024d50a9dcb8]

GC Heap History (20 events):
Event: 618465.779 GC heap before
{Heap before GC invocations=59786 (full 59761):
 garbage-first heap   total 140288K, used 41357K [0x00000000c0000000, 0x0000000100000000)
  region size 1024K, 1 young (1024K), 0 survivors (0K)
 Metaspace       used 60260K, committed 60736K, reserved 1114112K
  class space    used 7377K, committed 7616K, reserved 1048576K
}
Event: 618465.803 GC heap after
{Heap after GC invocations=59787 (full 59762):
 garbage-first heap   total 140288K, used 41357K [0x00000000c0000000, 0x0000000100000000)
  region size 1024K, 0 young (0K), 0 survivors (0K)
 Metaspace       used 60260K, committed 60736K, reserved 1114112K
  class space    used 7377K, committed 7616K, reserved 1048576K
}
Event: 618476.176 GC heap before
{Heap before GC invocations=59787 (full 59762):
 garbage-first heap   total 140288K, used 41357K [0x00000000c0000000, 0x0000000100000000)
  region size 1024K, 1 young (1024K), 0 survivors (0K)
 Metaspace       used 60260K, committed 60736K, reserved 1114112K
  class space    used 7377K, committed 7616K, reserved 1048576K
}
Event: 618476.200 GC heap after
{Heap after GC invocations=59788 (full 59763):
 garbage-first heap   total 140288K, used 41357K [0x00000000c0000000, 0x0000000100000000)
  region size 1024K, 0 young (0K), 0 survivors (0K)
 Metaspace       used 60260K, committed 60736K, reserved 1114112K
  class space    used 7377K, committed 7616K, reserved 1048576K
}
Event: 618486.587 GC heap before
{Heap before GC invocations=59788 (full 59763):
 garbage-first heap   total 140288K, used 41357K [0x00000000c0000000, 0x0000000100000000)
  region size 1024K, 1 young (1024K), 0 survivors (0K)
 Metaspace       used 60260K, committed 60736K, reserved 1114112K
  class space    used 7377K, committed 7616K, reserved 1048576K
}
Event: 618486.611 GC heap after
{Heap after GC invocations=59789 (full 59764):
 garbage-first heap   total 140288K, used 41357K [0x00000000c0000000, 0x0000000100000000)
  region size 1024K, 0 young (0K), 0 survivors (0K)
 Metaspace       used 60260K, committed 60736K, reserved 1114112K
  class space    used 7377K, committed 7616K, reserved 1048576K
}
Event: 618497.057 GC heap before
{Heap before GC invocations=59789 (full 59764):
 garbage-first heap   total 140288K, used 41357K [0x00000000c0000000, 0x0000000100000000)
  region size 1024K, 1 young (1024K), 0 survivors (0K)
 Metaspace       used 60260K, committed 60736K, reserved 1114112K
  class space    used 7377K, committed 7616K, reserved 1048576K
}
Event: 618497.082 GC heap after
{Heap after GC invocations=59790 (full 59765):
 garbage-first heap   total 140288K, used 41357K [0x00000000c0000000, 0x0000000100000000)
  region size 1024K, 0 young (0K), 0 survivors (0K)
 Metaspace       used 60260K, committed 60736K, reserved 1114112K
  class space    used 7377K, committed 7616K, reserved 1048576K
}
Event: 618507.500 GC heap before
{Heap before GC invocations=59790 (full 59765):
 garbage-first heap   total 140288K, used 41357K [0x00000000c0000000, 0x0000000100000000)
  region size 1024K, 1 young (1024K), 0 survivors (0K)
 Metaspace       used 60260K, committed 60736K, reserved 1114112K
  class space    used 7377K, committed 7616K, reserved 1048576K
}
Event: 618507.527 GC heap after
{Heap after GC invocations=59791 (full 59766):
 garbage-first heap   total 140288K, used 41357K [0x00000000c0000000, 0x0000000100000000)
  region size 1024K, 0 young (0K), 0 survivors (0K)
 Metaspace       used 60260K, committed 60736K, reserved 1114112K
  class space    used 7377K, committed 7616K, reserved 1048576K
}
Event: 618517.904 GC heap before
{Heap before GC invocations=59791 (full 59766):
 garbage-first heap   total 140288K, used 41357K [0x00000000c0000000, 0x0000000100000000)
  region size 1024K, 1 young (1024K), 0 survivors (0K)
 Metaspace       used 60260K, committed 60736K, reserved 1114112K
  class space    used 7377K, committed 7616K, reserved 1048576K
}
Event: 618517.929 GC heap after
{Heap after GC invocations=59792 (full 59767):
 garbage-first heap   total 140288K, used 41357K [0x00000000c0000000, 0x0000000100000000)
  region size 1024K, 0 young (0K), 0 survivors (0K)
 Metaspace       used 60260K, committed 60736K, reserved 1114112K
  class space    used 7377K, committed 7616K, reserved 1048576K
}
Event: 618528.308 GC heap before
{Heap before GC invocations=59792 (full 59767):
 garbage-first heap   total 140288K, used 41357K [0x00000000c0000000, 0x0000000100000000)
  region size 1024K, 1 young (1024K), 0 survivors (0K)
 Metaspace       used 60260K, committed 60736K, reserved 1114112K
  class space    used 7377K, committed 7616K, reserved 1048576K
}
Event: 618528.333 GC heap after
{Heap after GC invocations=59793 (full 59768):
 garbage-first heap   total 140288K, used 41357K [0x00000000c0000000, 0x0000000100000000)
  region size 1024K, 0 young (0K), 0 survivors (0K)
 Metaspace       used 60260K, committed 60736K, reserved 1114112K
  class space    used 7377K, committed 7616K, reserved 1048576K
}
Event: 618538.960 GC heap before
{Heap before GC invocations=59793 (full 59768):
 garbage-first heap   total 140288K, used 41357K [0x00000000c0000000, 0x0000000100000000)
  region size 1024K, 1 young (1024K), 0 survivors (0K)
 Metaspace       used 60260K, committed 60736K, reserved 1114112K
  class space    used 7377K, committed 7616K, reserved 1048576K
}
Event: 618538.986 GC heap after
{Heap after GC invocations=59794 (full 59769):
 garbage-first heap   total 140288K, used 41357K [0x00000000c0000000, 0x0000000100000000)
  region size 1024K, 0 young (0K), 0 survivors (0K)
 Metaspace       used 60260K, committed 60736K, reserved 1114112K
  class space    used 7377K, committed 7616K, reserved 1048576K
}
Event: 618549.351 GC heap before
{Heap before GC invocations=59794 (full 59769):
 garbage-first heap   total 140288K, used 41357K [0x00000000c0000000, 0x0000000100000000)
  region size 1024K, 1 young (1024K), 0 survivors (0K)
 Metaspace       used 60260K, committed 60736K, reserved 1114112K
  class space    used 7377K, committed 7616K, reserved 1048576K
}
Event: 618549.374 GC heap after
{Heap after GC invocations=59795 (full 59770):
 garbage-first heap   total 140288K, used 41357K [0x00000000c0000000, 0x0000000100000000)
  region size 1024K, 0 young (0K), 0 survivors (0K)
 Metaspace       used 60260K, committed 60736K, reserved 1114112K
  class space    used 7377K, committed 7616K, reserved 1048576K
}
Event: 618559.807 GC heap before
{Heap before GC invocations=59795 (full 59770):
 garbage-first heap   total 140288K, used 41357K [0x00000000c0000000, 0x0000000100000000)
  region size 1024K, 1 young (1024K), 0 survivors (0K)
 Metaspace       used 60260K, committed 60736K, reserved 1114112K
  class space    used 7377K, committed 7616K, reserved 1048576K
}
Event: 618559.833 GC heap after
{Heap after GC invocations=59796 (full 59771):
 garbage-first heap   total 140288K, used 41357K [0x00000000c0000000, 0x0000000100000000)
  region size 1024K, 0 young (0K), 0 survivors (0K)
 Metaspace       used 60260K, committed 60736K, reserved 1114112K
  class space    used 7377K, committed 7616K, reserved 1048576K
}

Dll operation events (10 events):
Event: 0.019 Loaded shared library c:\Users\chunjae\.vscode\extensions\redhat.java-1.32.0-win32-x64\jre\17.0.11-win32-x86_64\bin\java.dll
Event: 0.618 Loaded shared library C:\Users\chunjae\.vscode\extensions\redhat.java-1.32.0-win32-x64\jre\17.0.11-win32-x86_64\bin\net.dll
Event: 0.634 Loaded shared library C:\Users\chunjae\.vscode\extensions\redhat.java-1.32.0-win32-x64\jre\17.0.11-win32-x86_64\bin\nio.dll
Event: 0.658 Loaded shared library C:\Users\chunjae\.vscode\extensions\redhat.java-1.32.0-win32-x64\jre\17.0.11-win32-x86_64\bin\zip.dll
Event: 3.893 Loaded shared library C:\Users\chunjae\.vscode\extensions\redhat.java-1.32.0-win32-x64\jre\17.0.11-win32-x86_64\bin\jimage.dll
Event: 6.161 Loaded shared library c:\Users\chunjae\.vscode\extensions\redhat.java-1.32.0-win32-x64\jre\17.0.11-win32-x86_64\bin\verify.dll
Event: 12.036 Loaded shared library C:\Users\chunjae\.vscode\extensions\redhat.java-1.32.0-win32-x64\jre\17.0.11-win32-x86_64\bin\management.dll
Event: 12.084 Loaded shared library C:\Users\chunjae\.vscode\extensions\redhat.java-1.32.0-win32-x64\jre\17.0.11-win32-x86_64\bin\management_ext.dll
Event: 14.376 Loaded shared library C:\Users\chunjae\.vscode\extensions\redhat.java-1.32.0-win32-x64\jre\17.0.11-win32-x86_64\bin\sunmscapi.dll
Event: 14.800 Loaded shared library C:\Users\chunjae\.vscode\extensions\redhat.java-1.32.0-win32-x64\jre\17.0.11-win32-x86_64\bin\extnet.dll

Deoptimization events (14 events):
Event: 13.253 Thread 0x0000024d5d581540 DEOPT PACKING pc=0x0000024d5047c481 sp=0x000000ab488fda80
Event: 13.253 Thread 0x0000024d5d581540 DEOPT UNPACKING pc=0x0000024d4ff8ace3 sp=0x000000ab488fcf10 mode 3
Event: 13.292 Thread 0x0000024d5d5db300 DEOPT PACKING pc=0x0000024d50458c17 sp=0x000000ab494fed30
Event: 13.292 Thread 0x0000024d5d5db300 DEOPT UNPACKING pc=0x0000024d4ff8ace3 sp=0x000000ab494fe188 mode 3
Event: 14.485 Thread 0x0000024d5d6620a0 DEOPT PACKING pc=0x0000024d5012010c sp=0x000000ab499fabe0
Event: 14.485 Thread 0x0000024d5d6620a0 DEOPT UNPACKING pc=0x0000024d4ff8ace3 sp=0x000000ab499fa0a8 mode 0
Event: 14.759 Thread 0x0000024d5d5db300 DEOPT PACKING pc=0x0000024d5085bf44 sp=0x000000ab494fd960
Event: 14.759 Thread 0x0000024d5d5db300 DEOPT UNPACKING pc=0x0000024d4ff8ace3 sp=0x000000ab494fcff8 mode 0
Event: 15.168 Thread 0x0000024d5d5d8060 DEOPT PACKING pc=0x0000024d5061f624 sp=0x000000ab48efef70
Event: 15.168 Thread 0x0000024d5d5d8060 DEOPT UNPACKING pc=0x0000024d4ff8ace3 sp=0x000000ab48efe458 mode 0
Event: 15.322 Thread 0x0000024d5d5db300 DEOPT PACKING pc=0x0000024d50931e8c sp=0x000000ab494fe320
Event: 15.322 Thread 0x0000024d5d5db300 DEOPT UNPACKING pc=0x0000024d4ff8ace3 sp=0x000000ab494fd8a0 mode 0
Event: 5449.854 Thread 0x0000024d5d581540 DEOPT PACKING pc=0x0000024d5054a554 sp=0x000000ab488fef80
Event: 5449.856 Thread 0x0000024d5d581540 DEOPT UNPACKING pc=0x0000024d4ff8ace3 sp=0x000000ab488fe428 mode 0

Classes unloaded (20 events):
Event: 7263.272 Thread 0x0000024d5788c5a0 Unloading class 0x0000000100529800 'jdk/internal/reflect/GeneratedConstructorAccessor28'
Event: 7263.272 Thread 0x0000024d5788c5a0 Unloading class 0x0000000100571000 'jdk/internal/reflect/GeneratedConstructorAccessor27'
Event: 7263.272 Thread 0x0000024d5788c5a0 Unloading class 0x0000000100571800 'jdk/internal/reflect/GeneratedConstructorAccessor26'
Event: 7263.272 Thread 0x0000024d5788c5a0 Unloading class 0x0000000100620800 'jdk/internal/reflect/GeneratedConstructorAccessor25'
Event: 7273.757 Thread 0x0000024d5788c5a0 Unloading class 0x00000001003a9400 'java/lang/invoke/LambdaForm$MH+0x00000001003a9400'
Event: 7273.757 Thread 0x0000024d5788c5a0 Unloading class 0x00000001003aa000 'java/lang/invoke/LambdaForm$MH+0x00000001003aa000'
Event: 7273.757 Thread 0x0000024d5788c5a0 Unloading class 0x00000001003ab400 'java/lang/invoke/LambdaForm$MH+0x00000001003ab400'
Event: 7273.757 Thread 0x0000024d5788c5a0 Unloading class 0x00000001003ac400 'java/lang/invoke/LambdaForm$MH+0x00000001003ac400'
Event: 261253.853 Thread 0x0000024d5788c5a0 Unloading class 0x0000000100755800 'java/lang/invoke/LambdaForm$MH+0x0000000100755800'
Event: 261253.854 Thread 0x0000024d5788c5a0 Unloading class 0x0000000100755400 'java/lang/invoke/LambdaForm$MH+0x0000000100755400'
Event: 261253.854 Thread 0x0000024d5788c5a0 Unloading class 0x0000000100755000 'java/lang/invoke/LambdaForm$MH+0x0000000100755000'
Event: 261253.854 Thread 0x0000024d5788c5a0 Unloading class 0x0000000100754c00 'java/lang/invoke/LambdaForm$MH+0x0000000100754c00'
Event: 261253.854 Thread 0x0000024d5788c5a0 Unloading class 0x0000000100754400 'java/lang/invoke/LambdaForm$MH+0x0000000100754400'
Event: 261253.854 Thread 0x0000024d5788c5a0 Unloading class 0x0000000100754000 'java/lang/invoke/LambdaForm$MH+0x0000000100754000'
Event: 261253.854 Thread 0x0000024d5788c5a0 Unloading class 0x000000010074dc00 'java/lang/invoke/LambdaForm$MH+0x000000010074dc00'
Event: 261264.199 Thread 0x0000024d5788c5a0 Unloading class 0x000000010075b400 'jdk/internal/reflect/GeneratedConstructorAccessor50'
Event: 261264.199 Thread 0x0000024d5788c5a0 Unloading class 0x000000010075b000 'jdk/internal/reflect/GeneratedConstructorAccessor49'
Event: 261264.199 Thread 0x0000024d5788c5a0 Unloading class 0x000000010075ac00 'jdk/internal/reflect/GeneratedConstructorAccessor48'
Event: 261264.199 Thread 0x0000024d5788c5a0 Unloading class 0x000000010075a800 'jdk/internal/reflect/GeneratedConstructorAccessor47'
Event: 261274.520 Thread 0x0000024d5788c5a0 Unloading class 0x0000000100760800 'jdk/internal/reflect/GeneratedConstructorAccessor55'

Classes redefined (0 events):
No events

Internal exceptions (20 events):
Event: 261168.007 Thread 0x0000024d5d5d99b0 Exception <a 'sun/nio/fs/WindowsException'{0x00000000cd4af630}> (0x00000000cd4af630) 
thrown [s\src\hotspot\share\prims\jni.cpp, line 516]
Event: 261168.007 Thread 0x0000024d5d5d99b0 Exception <a 'sun/nio/fs/WindowsException'{0x00000000cd4afd80}> (0x00000000cd4afd80) 
thrown [s\src\hotspot\share\prims\jni.cpp, line 516]
Event: 261168.007 Thread 0x0000024d5d5d99b0 Exception <a 'sun/nio/fs/WindowsException'{0x00000000cd4b0138}> (0x00000000cd4b0138) 
thrown [s\src\hotspot\share\prims\jni.cpp, line 516]
Event: 261168.008 Thread 0x0000024d5d5d99b0 Exception <a 'sun/nio/fs/WindowsException'{0x00000000cd4b1098}> (0x00000000cd4b1098) 
thrown [s\src\hotspot\share\prims\jni.cpp, line 516]
Event: 261168.008 Thread 0x0000024d5d5d99b0 Exception <a 'sun/nio/fs/WindowsException'{0x00000000cd4b1488}> (0x00000000cd4b1488) 
thrown [s\src\hotspot\share\prims\jni.cpp, line 516]
Event: 261168.009 Thread 0x0000024d5d5d99b0 Exception <a 'sun/nio/fs/WindowsException'{0x00000000cd4b21d8}> (0x00000000cd4b21d8) 
thrown [s\src\hotspot\share\prims\jni.cpp, line 516]
Event: 261168.009 Thread 0x0000024d5d5d99b0 Exception <a 'sun/nio/fs/WindowsException'{0x00000000cd4b2928}> (0x00000000cd4b2928) 
thrown [s\src\hotspot\share\prims\jni.cpp, line 516]
Event: 261168.009 Thread 0x0000024d5d5d99b0 Exception <a 'sun/nio/fs/WindowsException'{0x00000000cd4b2ce0}> (0x00000000cd4b2ce0) 
thrown [s\src\hotspot\share\prims\jni.cpp, line 516]
Event: 261168.009 Thread 0x0000024d5d5d99b0 Exception <a 'sun/nio/fs/WindowsException'{0x00000000cd4b3c40}> (0x00000000cd4b3c40) 
thrown [s\src\hotspot\share\prims\jni.cpp, line 516]
Event: 261168.009 Thread 0x0000024d5d5d99b0 Exception <a 'sun/nio/fs/WindowsException'{0x00000000cd4b4030}> (0x00000000cd4b4030) 
thrown [s\src\hotspot\share\prims\jni.cpp, line 516]
Event: 261168.271 Thread 0x0000024d5d5d99b0 Exception <a 'sun/nio/fs/WindowsException'{0x00000000cbfc5f18}> (0x00000000cbfc5f18) 
thrown [s\src\hotspot\share\prims\jni.cpp, line 516]
Event: 261168.272 Thread 0x0000024d5d5d99b0 Exception <a 'sun/nio/fs/WindowsException'{0x00000000cbfc6630}> (0x00000000cbfc6630) 
thrown [s\src\hotspot\share\prims\jni.cpp, line 516]
Event: 261168.272 Thread 0x0000024d5d5d99b0 Exception <a 'sun/nio/fs/WindowsException'{0x00000000cbfc69c0}> (0x00000000cbfc69c0) 
thrown [s\src\hotspot\share\prims\jni.cpp, line 516]
Event: 261168.272 Thread 0x0000024d5d5d99b0 Exception <a 'sun/nio/fs/WindowsException'{0x00000000cbfc7910}> (0x00000000cbfc7910) 
thrown [s\src\hotspot\share\prims\jni.cpp, line 516]
Event: 261168.272 Thread 0x0000024d5d5d99b0 Exception <a 'sun/nio/fs/WindowsException'{0x00000000cbfc7cf0}> (0x00000000cbfc7cf0) 
thrown [s\src\hotspot\share\prims\jni.cpp, line 516]
Event: 261168.272 Thread 0x0000024d5d5d99b0 Exception <a 'sun/nio/fs/WindowsException'{0x00000000cbfc8a40}> (0x00000000cbfc8a40) 
thrown [s\src\hotspot\share\prims\jni.cpp, line 516]
Event: 261168.272 Thread 0x0000024d5d5d99b0 Exception <a 'sun/nio/fs/WindowsException'{0x00000000cbfc9190}> (0x00000000cbfc9190) 
thrown [s\src\hotspot\share\prims\jni.cpp, line 516]
Event: 261168.272 Thread 0x0000024d5d5d99b0 Exception <a 'sun/nio/fs/WindowsException'{0x00000000cbfc9548}> (0x00000000cbfc9548) 
thrown [s\src\hotspot\share\prims\jni.cpp, line 516]
Event: 261168.273 Thread 0x0000024d5d5d99b0 Exception <a 'sun/nio/fs/WindowsException'{0x00000000cbfca4a8}> (0x00000000cbfca4a8) 
thrown [s\src\hotspot\share\prims\jni.cpp, line 516]
Event: 261168.273 Thread 0x0000024d5d5d99b0 Exception <a 'sun/nio/fs/WindowsException'{0x00000000cbfca898}> (0x00000000cbfca898) 
thrown [s\src\hotspot\share\prims\jni.cpp, line 516]

VM Operations (20 events):
Event: 618465.803 Executing VM operation: G1CollectFull done
Event: 618476.176 Executing VM operation: G1CollectFull
Event: 618476.200 Executing VM operation: G1CollectFull done
Event: 618486.587 Executing VM operation: G1CollectFull
Event: 618486.612 Executing VM operation: G1CollectFull done
Event: 618497.057 Executing VM operation: G1CollectFull
Event: 618497.082 Executing VM operation: G1CollectFull done
Event: 618507.499 Executing VM operation: G1CollectFull
Event: 618507.527 Executing VM operation: G1CollectFull done
Event: 618517.904 Executing VM operation: G1CollectFull
Event: 618517.929 Executing VM operation: G1CollectFull done
Event: 618528.308 Executing VM operation: G1CollectFull
Event: 618528.333 Executing VM operation: G1CollectFull done
Event: 618538.960 Executing VM operation: G1CollectFull
Event: 618538.986 Executing VM operation: G1CollectFull done
Event: 618549.351 Executing VM operation: G1CollectFull
Event: 618549.374 Executing VM operation: G1CollectFull done
Event: 618559.807 Executing VM operation: G1CollectFull
Event: 618559.833 Executing VM operation: G1CollectFull done
Event: 618569.946 Executing VM operation: G1CollectFull

Events (20 events):
Event: 261160.534 Thread 0x0000024d5d6639f0 Thread exited: 0x0000024d5d6639f0
Event: 261161.817 Thread 0x0000024d5d662fd0 Thread exited: 0x0000024d5d662fd0
Event: 261168.028 Thread 0x0000024d5d65cfa0 Thread added: 0x0000024d5d65cfa0
Event: 261181.532 Thread 0x0000024d5d769040 Thread added: 0x0000024d5d769040
Event: 261181.532 Thread 0x0000024d5d780190 Thread added: 0x0000024d5d780190
Event: 261181.929 Thread 0x0000024d5d65cfa0 Thread exited: 0x0000024d5d65cfa0
Event: 261185.249 Thread 0x0000024d5d780190 Thread exited: 0x0000024d5d780190
Event: 261186.840 Thread 0x0000024d5d769040 Thread exited: 0x0000024d5d769040
Event: 261195.147 Thread 0x0000024d5d65cfa0 Thread added: 0x0000024d5d65cfa0
Event: 261210.915 Thread 0x0000024d5d6625b0 Thread exited: 0x0000024d5d6625b0
Event: 261211.559 Thread 0x0000024d5d6620a0 Thread exited: 0x0000024d5d6620a0
Event: 261212.094 Thread 0x0000024d5d660750 Thread exited: 0x0000024d5d660750
Event: 261228.486 Thread 0x0000024d5d661b90 Thread exited: 0x0000024d5d661b90
Event: 261241.562 Thread 0x0000024d5d662ac0 Thread exited: 0x0000024d5d662ac0
Event: 261255.150 Thread 0x0000024d5d65ee00 Thread exited: 0x0000024d5d65ee00
Event: 261255.916 Thread 0x0000024d5d65e3e0 Thread exited: 0x0000024d5d65e3e0
Event: 261255.916 Thread 0x0000024d5d65cfa0 Thread exited: 0x0000024d5d65cfa0
Event: 261265.516 Thread 0x0000024d5d65c580 Thread exited: 0x0000024d5d65c580
Event: 261315.917 Thread 0x0000024d5d65c070 Thread exited: 0x0000024d5d65c070
Event: 261375.924 Thread 0x0000024d5d661680 Thread exited: 0x0000024d5d661680


Dynamic libraries:
0x00007ff6085b0000 - 0x00007ff6085be000 	c:\Users\chunjae\.vscode\extensions\redhat.java-1.32.0-win32-x64\jre\17.0.11-win32-x86_64\bin\java.exe
0x00007ffdfcef0000 - 0x00007ffdfd0e8000 	C:\WINDOWS\SYSTEM32\ntdll.dll
0x00007ffdfb350000 - 0x00007ffdfb411000 	C:\WINDOWS\System32\KERNEL32.DLL
0x00007ffdfab00000 - 0x00007ffdfadf6000 	C:\WINDOWS\System32\KERNELBASE.dll
0x00007ffdfa6d0000 - 0x00007ffdfa7d0000 	C:\WINDOWS\System32\ucrtbase.dll
0x00007ffde4ac0000 - 0x00007ffde4ad7000 	c:\Users\chunjae\.vscode\extensions\redhat.java-1.32.0-win32-x64\jre\17.0.11-win32-x86_64\bin\jli.dll
0x00007ffdfbcd0000 - 0x00007ffdfbe6f000 	C:\WINDOWS\System32\USER32.dll
0x00007ffdfa870000 - 0x00007ffdfa892000 	C:\WINDOWS\System32\win32u.dll
0x00007ffdfc6a0000 - 0x00007ffdfc6cb000 	C:\WINDOWS\System32\GDI32.dll
0x00007ffdfae00000 - 0x00007ffdfaf17000 	C:\WINDOWS\System32\gdi32full.dll
0x00007ffdfa7d0000 - 0x00007ffdfa86d000 	C:\WINDOWS\System32\msvcp_win.dll
0x00007ffde49d0000 - 0x00007ffde49eb000 	c:\Users\chunjae\.vscode\extensions\redhat.java-1.32.0-win32-x64\jre\17.0.11-win32-x86_64\bin\VCRUNTIME140.dll
0x00007ffddc2b0000 - 0x00007ffddc54a000 	C:\WINDOWS\WinSxS\amd64_microsoft.windows.common-controls_6595b64144ccf1df_6.0.19041.4355_none_60b8b9eb71f62e16\COMCTL32.dll
0x00007ffdfbe70000 - 0x00007ffdfbf0e000 	C:\WINDOWS\System32\msvcrt.dll
0x00007ffdfc0c0000 - 0x00007ffdfc0ef000 	C:\WINDOWS\System32\IMM32.DLL
0x0000000065060000 - 0x000000006533f000 	C:\Program Files (x86)\Privacy-i\PIProtectorAPI64.dll
0x00007ffdfc150000 - 0x00007ffdfc5be000 	C:\WINDOWS\System32\SETUPAPI.dll
0x00007ffdfaa00000 - 0x00007ffdfaa4e000 	C:\WINDOWS\System32\cfgmgr32.dll
0x00007ffdfb420000 - 0x00007ffdfb543000 	C:\WINDOWS\System32\RPCRT4.dll
0x00007ffdfa5a0000 - 0x00007ffdfa5c7000 	C:\WINDOWS\System32\bcrypt.dll
0x00007ffdfc790000 - 0x00007ffdfc840000 	C:\WINDOWS\System32\ADVAPI32.dll
0x00007ffdfce10000 - 0x00007ffdfceb0000 	C:\WINDOWS\System32\sechost.dll
0x00007ffdfb560000 - 0x00007ffdfbccc000 	C:\WINDOWS\System32\SHELL32.dll
0x00007ffdfc840000 - 0x00007ffdfc96b000 	C:\WINDOWS\System32\ole32.dll
0x00007ffdfaf20000 - 0x00007ffdfb273000 	C:\WINDOWS\System32\combase.dll
0x00007ffdfb280000 - 0x00007ffdfb34d000 	C:\WINDOWS\System32\OLEAUT32.dll
0x00007ffdfc630000 - 0x00007ffdfc69b000 	C:\WINDOWS\System32\WS2_32.dll
0x00007ffdfcc10000 - 0x00007ffdfcc65000 	C:\WINDOWS\System32\SHLWAPI.dll
0x00007ffde73e0000 - 0x00007ffde73ea000 	C:\WINDOWS\SYSTEM32\VERSION.dll
0x00007ffde1840000 - 0x00007ffde1a2c000 	C:\WINDOWS\SYSTEM32\urlmon.dll
0x00007ffddecf0000 - 0x00007ffdded94000 	C:\WINDOWS\SYSTEM32\WINSPOOL.DRV
0x00007ffdfc6e0000 - 0x00007ffdfc78d000 	C:\WINDOWS\System32\shcore.dll
0x00007ffddb430000 - 0x00007ffddb496000 	C:\WINDOWS\SYSTEM32\OLEACC.dll
0x00007ffde1b70000 - 0x00007ffde1e2e000 	C:\WINDOWS\SYSTEM32\iertutil.dll
0x00007ffde1810000 - 0x00007ffde1838000 	C:\WINDOWS\SYSTEM32\srvcli.dll
0x00007ffdf99f0000 - 0x00007ffdf99fc000 	C:\WINDOWS\SYSTEM32\netutils.dll
0x00007ffdf96f0000 - 0x00007ffdf9723000 	C:\WINDOWS\SYSTEM32\ntmarta.dll
0x00007ffdf8060000 - 0x00007ffdf87fe000 	C:\WINDOWS\SYSTEM32\windows.storage.dll
0x00007ffdf9fc0000 - 0x00007ffdf9fee000 	C:\WINDOWS\SYSTEM32\Wldp.dll
0x00007ffdfa4d0000 - 0x00007ffdfa4f4000 	C:\WINDOWS\SYSTEM32\profapi.dll
0x00007ffdf0c00000 - 0x00007ffdf0c0c000 	c:\Users\chunjae\.vscode\extensions\redhat.java-1.32.0-win32-x64\jre\17.0.11-win32-x86_64\bin\vcruntime140_1.dll
0x00007ffdd7ad0000 - 0x00007ffdd7b5d000 	c:\Users\chunjae\.vscode\extensions\redhat.java-1.32.0-win32-x64\jre\17.0.11-win32-x86_64\bin\msvcp140.dll
0x00007ffdb0430000 - 0x00007ffdb1092000 	c:\Users\chunjae\.vscode\extensions\redhat.java-1.32.0-win32-x64\jre\17.0.11-win32-x86_64\bin\server\jvm.dll
0x00007ffdf9ad0000 - 0x00007ffdf9b1b000 	C:\WINDOWS\SYSTEM32\POWRPROF.dll
0x00007ffdf04d0000 - 0x00007ffdf04d9000 	C:\WINDOWS\SYSTEM32\WSOCK32.dll
0x00007ffde3a80000 - 0x00007ffde3aa7000 	C:\WINDOWS\SYSTEM32\WINMM.dll
0x00007ffdf9990000 - 0x00007ffdf99a2000 	C:\WINDOWS\SYSTEM32\UMPDC.dll
0x00007ffdf8db0000 - 0x00007ffdf8dc2000 	C:\WINDOWS\SYSTEM32\kernel.appcore.dll
0x00007ffdf0270000 - 0x00007ffdf027a000 	c:\Users\chunjae\.vscode\extensions\redhat.java-1.32.0-win32-x64\jre\17.0.11-win32-x86_64\bin\jimage.dll
0x00007ffdf8ae0000 - 0x00007ffdf8cc4000 	C:\WINDOWS\SYSTEM32\DBGHELP.DLL
0x00007ffde7980000 - 0x00007ffde79b4000 	C:\WINDOWS\SYSTEM32\dbgcore.DLL
0x00007ffdfa5d0000 - 0x00007ffdfa652000 	C:\WINDOWS\System32\bcryptPrimitives.dll
0x00007ffde3930000 - 0x00007ffde3955000 	c:\Users\chunjae\.vscode\extensions\redhat.java-1.32.0-win32-x64\jre\17.0.11-win32-x86_64\bin\java.dll
0x00007ffde3ab0000 - 0x00007ffde3ac8000 	c:\Users\chunjae\.vscode\extensions\redhat.java-1.32.0-win32-x64\jre\17.0.11-win32-x86_64\bin\zip.dll
0x00007ffde49b0000 - 0x00007ffde49c9000 	C:\Users\chunjae\.vscode\extensions\redhat.java-1.32.0-win32-x64\jre\17.0.11-win32-x86_64\bin\net.dll
0x00007ffdf4200000 - 0x00007ffdf430a000 	C:\WINDOWS\SYSTEM32\WINHTTP.dll
0x00007ffdf9d20000 - 0x00007ffdf9d8a000 	C:\WINDOWS\system32\mswsock.dll
0x00007ffde3c50000 - 0x00007ffde3c66000 	C:\Users\chunjae\.vscode\extensions\redhat.java-1.32.0-win32-x64\jre\17.0.11-win32-x86_64\bin\nio.dll
0x00007ffde6e00000 - 0x00007ffde6e10000 	c:\Users\chunjae\.vscode\extensions\redhat.java-1.32.0-win32-x64\jre\17.0.11-win32-x86_64\bin\verify.dll
0x00007ffdf9f10000 - 0x00007ffdf9f28000 	C:\WINDOWS\SYSTEM32\CRYPTSP.dll
0x00007ffdf95d0000 - 0x00007ffdf9604000 	C:\WINDOWS\system32\rsaenh.dll
0x00007ffdfa480000 - 0x00007ffdfa4ae000 	C:\WINDOWS\SYSTEM32\USERENV.dll
0x00007ffdf9f30000 - 0x00007ffdf9f3c000 	C:\WINDOWS\SYSTEM32\CRYPTBASE.dll
0x00007ffdf99b0000 - 0x00007ffdf99eb000 	C:\WINDOWS\SYSTEM32\IPHLPAPI.DLL
0x0000024d4d200000 - 0x0000024d4d208000 	C:\WINDOWS\System32\NSI.dll
0x00007ffdec7c0000 - 0x00007ffdec7d7000 	C:\WINDOWS\SYSTEM32\dhcpcsvc6.DLL
0x00007ffdef5b0000 - 0x00007ffdef5cd000 	C:\WINDOWS\SYSTEM32\dhcpcsvc.DLL
0x00007ffdf9a00000 - 0x00007ffdf9aca000 	C:\WINDOWS\SYSTEM32\DNSAPI.dll
0x00007ffdf0db0000 - 0x00007ffdf0db9000 	C:\Users\chunjae\.vscode\extensions\redhat.java-1.32.0-win32-x64\jre\17.0.11-win32-x86_64\bin\management.dll
0x00007ffdf0290000 - 0x00007ffdf029b000 	C:\Users\chunjae\.vscode\extensions\redhat.java-1.32.0-win32-x64\jre\17.0.11-win32-x86_64\bin\management_ext.dll
0x00007ffdfc6d0000 - 0x00007ffdfc6d8000 	C:\WINDOWS\System32\PSAPI.DLL
0x00007ffde4d00000 - 0x00007ffde4d0e000 	C:\Users\chunjae\.vscode\extensions\redhat.java-1.32.0-win32-x64\jre\17.0.11-win32-x86_64\bin\sunmscapi.dll
0x00007ffdfa8a0000 - 0x00007ffdfa9fe000 	C:\WINDOWS\System32\CRYPT32.dll
0x00007ffdfa030000 - 0x00007ffdfa059000 	C:\WINDOWS\SYSTEM32\ncrypt.dll
0x00007ffdf9ff0000 - 0x00007ffdfa02b000 	C:\WINDOWS\SYSTEM32\NTASN1.dll
0x00007ffdee4f0000 - 0x00007ffdee4fa000 	C:\Windows\System32\rasadhlp.dll
0x00007ffde76d0000 - 0x00007ffde7750000 	C:\WINDOWS\System32\fwpuclnt.dll
0x00007ffde3c20000 - 0x00007ffde3c29000 	C:\Users\chunjae\.vscode\extensions\redhat.java-1.32.0-win32-x64\jre\17.0.11-win32-x86_64\bin\extnet.dll

dbghelp: loaded successfully - version: 4.0.5 - missing functions: none
symbol engine: initialized successfully - sym options: 0x614 - pdb path: .;c:\Users\chunjae\.vscode\extensions\redhat.java-1.32.0-win32-x64\jre\17.0.11-win32-x86_64\bin;C:\WINDOWS\SYSTEM32;C:\WINDOWS\WinSxS\amd64_microsoft.windows.common-controls_6595b64144ccf1df_6.0.19041.4355_none_60b8b9eb71f62e16;C:\Program Files (x86)\Privacy-i;c:\Users\chunjae\.vscode\extensions\redhat.java-1.32.0-win32-x64\jre\17.0.11-win32-x86_64\bin\server

VM Arguments:
jvm_args: -Xmx1024m -Dsts.lsp.client=vscode -Dsts.log.file=/dev/null -XX:TieredStopAtLevel=1 -Xlog:jni+resolve=off -Dspring.config.location=file:c:\Users\chunjae\.vscode\extensions\vmware.vscode-spring-boot-1.56.0\language-server\BOOT-INF\classes\application.properties 
java_command: org.springframework.ide.vscode.boot.app.BootLanguageServerBootApp
java_class_path (initial): c:\Users\chunjae\.vscode\extensions\vmware.vscode-spring-boot-1.56.0\language-server\BOOT-INF\classes;c:\Users\chunjae\.vscode\extensions\vmware.vscode-spring-boot-1.56.0\language-server\BOOT-INF\lib\annotations-24.1.0.jar;c:\Users\chunjae\.vscode\extensions\vmware.vscode-spring-boot-1.56.0\language-server\BOOT-INF\lib\antlr4-runtime-4.13.1.jar;c:\Users\chunjae\.vscode\extensions\vmware.vscode-spring-boot-1.56.0\language-server\BOOT-INF\lib\asm-9.7.jar;c:\Users\chunjae\.vscode\extensions\vmware.vscode-spring-boot-1.56.0\language-server\BOOT-INF\lib\asm-analysis-9.7.jar;c:\Users\chunjae\.vscode\extensions\vmware.vscode-spring-boot-1.56.0\language-server\BOOT-INF\lib\asm-tree-9.7.jar;c:\Users\chunjae\.vscode\extensions\vmware.vscode-spring-boot-1.56.0\language-server\BOOT-INF\lib\asm-util-9.7.jar;c:\Users\chunjae\.vscode\extensions\vmware.vscode-spring-boot-1.56.0\language-server\BOOT-INF\lib\caffeine-3.1.8.jar;c:\Users\chunjae\.vscode\extensions\vmware.vscode-spring-boot-1.56.0\language-server\BOOT-INF\lib\checker-qual-3.12.0.jar;c:\Users\chunjae\.vscode\extensions\vmware.vscode-spring-boot-1.56.0\language-server\BOOT-INF\lib\classgraph-4.8.149.jar;c:\Users\chunjae\.vscode\extensions\vmware.vscode-spring-boot-1.56.0\language-server\BOOT-INF\lib\commons-codec-1.16.1.jar;c:\Users\chunjae\.vscode\extensions\vmware.vscode-spring-boot-1.56.0\language-server\BOOT-INF\lib\commons-compress-1.26.2.jar;c:\Users\chunjae\.vscode\extensions\vmware.vscode-spring-boot-1.56.0\language-server\BOOT-INF\lib\commons-io-2.16.1.jar;c:\Users\chunjae\.vscode\extensions\vmware.vscode-spring-boot-1.56.0\language-server\BOOT-INF\lib\commons-java-1.56.0-SNAPSHOT.jar;c:\Users\chunjae\.vscode\extensions\vmware.vscode-spring-boot-1.56.0\language-server\BOOT-INF\lib\commons-lang3-3.14.0.jar;c:\Users\chunjae\.vscode\extensions\vmware.vscode-spring-boot-1.56.0\language-server\BOOT-INF\lib\commons-language-server-1.56.0-SNAPSHOT.jar;c:\Users\chunjae\.vscode\extensions\vmwa
Launcher Type: SUN_STANDARD

[Global flags]
     intx CICompilerCount                          = 3                                         {product} {ergonomic}
     uint ConcGCThreads                            = 1                                         {product} {ergonomic}
     uint G1ConcRefinementThreads                  = 4                                         {product} {ergonomic}
   size_t G1HeapRegionSize                         = 1048576                                   {product} {ergonomic}
    uintx GCDrainStackTargetSize                   = 64                                        {product} {ergonomic}
   size_t InitialHeapSize                          = 132120576                                 {product} {ergonomic}
   size_t MarkStackSize                            = 4194304                                   {product} {ergonomic}
   size_t MaxHeapSize                              = 1073741824                                {product} {command line}
   size_t MaxNewSize                               = 643825664                                 {product} {ergonomic}
   size_t MinHeapDeltaBytes                        = 1048576                                   {product} {ergonomic}
   size_t MinHeapSize                              = 8388608                                   {product} {ergonomic}
    uintx NonProfiledCodeHeapSize                  = 0                                      {pd product} {ergonomic}
     bool ProfileInterpreter                       = false                                  {pd product} {command line}
    uintx ProfiledCodeHeapSize                     = 0                                      {pd product} {ergonomic}
   size_t SoftMaxHeapSize                          = 1073741824                             {manageable} {ergonomic}
     intx TieredStopAtLevel                        = 1                                         {product} {command line}
     bool UseCompressedClassPointers               = true                           {product lp64_product} {ergonomic}
     bool UseCompressedOops                        = true                           {product lp64_product} {ergonomic}
     bool UseG1GC                                  = true                                      {product} {ergonomic}
     bool UseLargePagesIndividualAllocation        = false                                  {pd product} {ergonomic}

Logging:
Log output configuration:
 #0: stdout all=warning,jni+resolve=off uptime,level,tags
 #1: stderr all=off uptime,level,tags

Environment Variables:
JAVA_HOME=C:\Program Files\Java\jdk-22
PATH=C:\Program Files\Common Files\Oracle\Java\javapath;C:\WINDOWS\system32;C:\WINDOWS;C:\WINDOWS\System32\Wbem;C:\WINDOWS\System32\WindowsPowerShell\v1.0\;C:\WINDOWS\System32\OpenSSH\;C:\Program Files\Bandizip\;C:\Program Files\nodejs\;C:\Program Files\Git\cmd;C:\Program Files\Java\jdk-22\bin;C:\Program Files\apache\maven\bin;C:\Program Files\Common Files\Oracle\Java\javapath;C:\WINDOWS\system32;C:\WINDOWS;C:\WINDOWS\System32\Wbem;C:\WINDOWS\System32\WindowsPowerShell\v1.0\;C:\WINDOWS\System32\OpenSSH\;C:\Program Files\Bandizip\;C:\Program Files\nodejs\;C:\Program Files\Git\cmd;C:\Program Files\Java\jdk-22\bin;C:\Program Files\apache\maven\bin;;C:\Program Files\apache\maven\bin;C:\Users\chunjae\AppData\Local\Programs\Microsoft VS Code\bin
USERNAME=chunjae
OS=Windows_NT
PROCESSOR_IDENTIFIER=Intel64 Family 6 Model 140 Stepping 1, GenuineIntel
TMP=C:\Users\chunjae\AppData\Local\Temp
TEMP=C:\Users\chunjae\AppData\Local\Temp



Periodic native trim disabled


---------------  S Y S T E M  ---------------

OS:
 Windows 10 , 64 bit Build 19041 (10.0.19041.4597)
OS uptime: 12 days 20:11 hours

CPU: total 4 (initial active 4) (2 cores per cpu, 2 threads per core) family 6 model 140 stepping 1 microcode 0x86, cx8, cmov, fxsr, ht, mmx, 3dnowpref, sse, sse2, sse3, ssse3, sse4.1, sse4.2, popcnt, lzcnt, tsc, tscinvbit, avx, avx2, aes, erms, clmul, bmi1, bmi2, adx, avx512f, avx512dq, avx512cd, avx512bw, avx512vl, sha, fma, vzeroupper, avx512_vpopcntdq, avx512_vpclmulqdq, avx512_vaes, avx512_vnni, clflush, clflushopt, clwb, avx512_vbmi2, avx512_vbmi
Processor Information for all 4 processors :
  Max Mhz: 2995, Current Mhz: 2995, Mhz Limit: 2995

Memory: 4k page, system-wide physical 7948M (451M free)
TotalPageFile size 32524M (AvailPageFile size 4M)
current process WorkingSet (physical memory assigned to process): 71M, peak: 218M
current process commit charge ("private bytes"): 324M, peak: 421M

vm_info: OpenJDK 64-Bit Server VM (17.0.11+9) for windows-amd64 JRE (17.0.11+9), built on Apr 17 2024 06:07:48 by "admin" with MS VC++ 16.10 / 16.11 (VS2019)

END.
